#
# A fatal error has been detected by the Java Runtime Environment:
#
#  EXCEPTION_ACCESS_VIOLATION (0xc0000005) at pc=0x0000000062a3c77a, pid=1084, tid=120
#
# JRE version: 7.0_06-b24
# Java VM: Java HotSpot(TM) 64-Bit Server VM (23.2-b09 mixed mode windows-amd64 compressed oops)
# Problematic frame:
# V  [jvm.dll+0xfc77a]
#
# Failed to write core dump. Minidumps are not enabled by default on client versions of Windows
#
# If you would like to submit a bug report, please visit:
#   http://bugreport.sun.com/bugreport/crash.jsp
#

---------------  T H R E A D  ---------------

Current thread (0x000000000c300800):  JavaThread "QuantumRenderer-0" daemon [_thread_in_vm, id=120, stack(0x000000000c760000,0x000000000c860000)]

siginfo: ExceptionCode=0xc0000005, reading address 0x0000000000000000

Registers:
RAX=0x00000000023d66b0, RBX=0x0000000002394500, RCX=0x0000000000000207, RDX=0x00000000023d66b0
RSP=0x000000000c85f0c0, RBP=0x0000000000000000, RSI=0x00000000023d66b0, RDI=0x000000006ad0c728
R8 =0x0000000000000003, R9 =0x0000000068936074, R10=0x00000000023d66b0, R11=0x0000000000009b75
R12=0x000000006ad0d160, R13=0x0000000000000000, R14=0x000000000c85f2a8, R15=0x0000000000000000
RIP=0x0000000062a3c77a, EFLAGS=0x0000000000010202

Top of Stack: (sp=0x000000000c85f0c0)
0x000000000c85f0c0:   0000000002394500 000000006ad0c724
0x000000000c85f0d0:   000000000c3009d8 000000000a664680
0x000000000c85f0e0:   0000000062e57988 00000000023d4450
0x000000000c85f0f0:   0000000000009b75 000000000000000c
0x000000000c85f100:   000000000c300800 000000000c85f2a8
0x000000000c85f110:   000000006ad0c724 000000006ad0d160
0x000000000c85f120:   0000000000000000 0000000062a3ca5e
0x000000000c85f130:   000000000c300800 000000006c5e0272
0x000000000c85f140:   000000000c3009d8 000000000c300800
0x000000000c85f150:   000000000c300800 000000006ad0d0e8
0x000000000c85f160:   000000000c300800 000000000a664678
0x000000000c85f170:   00000300000001d1 0000000062e811b0
0x000000000c85f180:   0000000000000000 000000006acf7060
0x000000000c85f190:   0000000000000001 000000000c3009d8
0x000000000c85f1a0:   0000000000000001 0000000000000000
0x000000000c85f1b0:   000000000c85f8a8 000000000c300800 

Instructions: (pc=0x0000000062a3c77a)
0x0000000062a3c75a:   8d 51 ff 48 8b ce e8 ab 6d f4 ff 48 8b f0 48 85
0x0000000062a3c76a:   db 0f 84 c9 01 00 00 48 85 c0 0f 84 c0 01 00 00
0x0000000062a3c77a:   48 8b 4d 00 e8 0d a3 f3 ff 84 c0 74 3d 4c 8b 0d
0x0000000062a3c78a:   9a 8d 59 00 48 8b 8c 24 90 00 00 00 48 8d 15 53 


Register to memory mapping:

RAX=0x00000000023d66b0 is an unknown value
RBX=0x0000000002394500 is an unknown value
RCX=0x0000000000000207 is an unknown value
RDX=0x00000000023d66b0 is an unknown value
RSP=0x000000000c85f0c0 is pointing into the stack for thread: 0x000000000c300800
RBP=0x0000000000000000 is an unknown value
RSI=0x00000000023d66b0 is an unknown value
RDI=0x000000006ad0c728 is an unknown value
R8 =0x0000000000000003 is an unknown value
R9 =0x0000000068936074 is an unknown value
R10=0x00000000023d66b0 is an unknown value
R11=0x0000000000009b75 is an unknown value
R12=0x000000006ad0d160 is an unknown value
R13=0x0000000000000000 is an unknown value
R14=0x000000000c85f2a8 is pointing into the stack for thread: 0x000000000c300800
R15=0x0000000000000000 is an unknown value


Stack: [0x000000000c760000,0x000000000c860000],  sp=0x000000000c85f0c0,  free space=1020k
Native frames: (J=compiled Java code, j=interpreted, Vv=VM code, C=native code)
V  [jvm.dll+0xfc77a]

[error occurred during error reporting (printing native stack), id 0xc0000005]

Java frames: (J=compiled Java code, j=interpreted, Vv=VM code)
j  com.sun.glass.ui.win.WinScreen._getScreens(Ljava/util/List;)Ljava/util/List;+0
j  com.sun.glass.ui.win.WinScreen.getScreens_impl()Ljava/util/List;+7
j  com.sun.glass.ui.win.WinApplication.staticScreen_getScreens()Ljava/util/List;+0
j  com.sun.glass.ui.Screen.getScreens()Ljava/util/List;+3
j  com.sun.prism.GraphicsPipeline.getDefaultResourceFactory()Lcom/sun/prism/ResourceFactory;+0
j  com.sun.javafx.tk.quantum.QuantumRenderer$3.run()V+0
j  java.util.concurrent.Executors$RunnableAdapter.call()Ljava/lang/Object;+4
j  java.util.concurrent.FutureTask$Sync.innerRunAndReset()Z+30
j  java.util.concurrent.FutureTask.runAndReset()Z+4
j  com.sun.prism.render.RenderJob.run()V+1
j  java.util.concurrent.ThreadPoolExecutor.runWorker(Ljava/util/concurrent/ThreadPoolExecutor$Worker;)V+46
j  java.util.concurrent.ThreadPoolExecutor$Worker.run()V+5
j  com.sun.javafx.tk.quantum.QuantumRenderer$PipelineRunnable.run()V+8
j  java.lang.Thread.run()V+11
v  ~StubRoutines::call_stub

---------------  P R O C E S S  ---------------

Java Threads: ( => current thread )
  0x000000000c51b000 JavaThread "JavaFX Application Thread" [_thread_blocked, id=4524, stack(0x000000000c8e0000,0x000000000c9e0000)]
  0x000000000c301000 JavaThread "Disposer" daemon [_thread_blocked, id=1156, stack(0x000000000cb70000,0x000000000cc70000)]
=>0x000000000c300800 JavaThread "QuantumRenderer-0" daemon [_thread_in_vm, id=120, stack(0x000000000c760000,0x000000000c860000)]
  0x000000000c29c000 JavaThread "JavaFX-Launcher" [_thread_blocked, id=2248, stack(0x000000000be70000,0x000000000bf70000)]
  0x000000000a67b000 JavaThread "Service Thread" daemon [_thread_blocked, id=5772, stack(0x000000000bfb0000,0x000000000c0b0000)]
  0x000000000a66d800 JavaThread "C2 CompilerThread1" daemon [_thread_blocked, id=4884, stack(0x000000000bb60000,0x000000000bc60000)]
  0x000000000a668800 JavaThread "C2 CompilerThread0" daemon [_thread_blocked, id=4144, stack(0x000000000bce0000,0x000000000bde0000)]
  0x000000000a667000 JavaThread "Attach Listener" daemon [_thread_blocked, id=5704, stack(0x000000000ba10000,0x000000000bb10000)]
  0x000000000a660000 JavaThread "Signal Dispatcher" daemon [_thread_blocked, id=780, stack(0x000000000b8f0000,0x000000000b9f0000)]
  0x0000000002446000 JavaThread "Finalizer" daemon [_thread_blocked, id=4276, stack(0x000000000b7d0000,0x000000000b8d0000)]
  0x000000000243f800 JavaThread "Reference Handler" daemon [_thread_blocked, id=1056, stack(0x000000000b640000,0x000000000b740000)]
  0x0000000001ddd800 JavaThread "main" [_thread_blocked, id=5760, stack(0x00000000025e0000,0x00000000026e0000)]

Other Threads:
  0x000000000a5e2000 VMThread [stack: 0x000000000b470000,0x000000000b570000] [id=5400]
  0x000000000a684000 WatcherThread [stack: 0x000000000c120000,0x000000000c220000] [id=4628]

VM state:not at safepoint (normal execution)

VM Mutex/Monitor currently owned by a thread: None

Heap
 PSYoungGen      total 28224K, used 4925K [0x00000000e0760000, 0x00000000e26e0000, 0x0000000100000000)
  eden space 24192K, 20% used [0x00000000e0760000,0x00000000e0c2f578,0x00000000e1f00000)
  from space 4032K, 0% used [0x00000000e22f0000,0x00000000e22f0000,0x00000000e26e0000)
  to   space 4032K, 0% used [0x00000000e1f00000,0x00000000e1f00000,0x00000000e22f0000)
 ParOldGen       total 64640K, used 0K [0x00000000a1600000, 0x00000000a5520000, 0x00000000e0760000)
  object space 64640K, 0% used [0x00000000a1600000,0x00000000a1600000,0x00000000a5520000)
 PSPermGen       total 21248K, used 3876K [0x000000009c400000, 0x000000009d8c0000, 0x00000000a1600000)
  object space 21248K, 18% used [0x000000009c400000,0x000000009c7c93f8,0x000000009d8c0000)

Card table byte_map: [0x00000000057a0000,0x0000000005ac0000] byte_map_base: 0x00000000052be000

Polling page: 0x0000000001dc0000

Code Cache  [0x00000000026e0000, 0x0000000002950000, 0x00000000056e0000)
 total_blobs=232 nmethods=17 adapters=167 free_code_cache=48726Kb largest_free_block=49872832

Compilation events (10 events):
Event: 0.180 Thread 0x000000000a668800 nmethod 13 0x0000000002749c90 code [0x0000000002749de0, 0x000000000274a058]
Event: 0.180 Thread 0x000000000a668800   14             java.io.Win32FileSystem::normalize (143 bytes)
Event: 0.185 Thread 0x000000000a668800 nmethod 14 0x00000000027480d0 code [0x0000000002748240, 0x0000000002748530]
Event: 0.185 Thread 0x000000000a668800   15             java.lang.Object::<init> (1 bytes)
Event: 0.185 Thread 0x000000000a668800 nmethod 15 0x0000000002744ad0 code [0x0000000002744c00, 0x0000000002744c78]
Event: 0.189 Thread 0x000000000a66d800 nmethod 12 0x000000000274e390 code [0x000000000274e5c0, 0x000000000274f638]
Event: 0.223 Thread 0x000000000a668800   16             java.lang.Math::min (11 bytes)
Event: 0.224 Thread 0x000000000a668800 nmethod 16 0x0000000002747690 code [0x00000000027477c0, 0x0000000002747818]
Event: 0.238 Thread 0x000000000a66d800   17             java.lang.String::length (6 bytes)
Event: 0.238 Thread 0x000000000a66d800 nmethod 17 0x00000000027471d0 code [0x0000000002747300, 0x0000000002747358]

GC Heap History (0 events):
No events

Deoptimization events (1 events):
Event: 0.113 Thread 0x0000000001ddd800 Uncommon trap -83 fr.pc 0x000000000273f210

Internal exceptions (10 events):
Event: 0.226 Thread 0x000000000c29c000 Threw 0x00000000e0ba1a78 at C:\jdk7u2_64p\jdk7u6\hotspot\src\share\vm\prims\jni.cpp:716
Event: 0.228 Thread 0x000000000c29c000 Threw 0x00000000e0ba2820 at C:\jdk7u2_64p\jdk7u6\hotspot\src\share\vm\prims\jvm.cpp:1166
Event: 0.228 Thread 0x000000000c29c000 Threw 0x00000000e0ba6c08 at C:\jdk7u2_64p\jdk7u6\hotspot\src\share\vm\prims\jvm.cpp:1166
Event: 0.229 Thread 0x000000000c29c000 Threw 0x00000000e0bab0d8 at C:\jdk7u2_64p\jdk7u6\hotspot\src\share\vm\prims\jvm.cpp:1166
Event: 0.234 Thread 0x000000000c51b000 Threw 0x00000000e0bb6c70 at C:\jdk7u2_64p\jdk7u6\hotspot\src\share\vm\prims\jvm.cpp:1166
Event: 0.235 Thread 0x000000000c51b000 Threw 0x00000000e0bbb2d8 at C:\jdk7u2_64p\jdk7u6\hotspot\src\share\vm\prims\jvm.cpp:1166
Event: 0.236 Thread 0x000000000c51b000 Threw 0x00000000e0bbf5c0 at C:\jdk7u2_64p\jdk7u6\hotspot\src\share\vm\prims\jvm.cpp:1166
Event: 0.236 Thread 0x000000000c51b000 Threw 0x00000000e0bc3780 at C:\jdk7u2_64p\jdk7u6\hotspot\src\share\vm\prims\jvm.cpp:1166
Event: 0.238 Thread 0x000000000c300800 Threw 0x00000000e0b074b8 at C:\jdk7u2_64p\jdk7u6\hotspot\src\share\vm\prims\jvm.cpp:1166
Event: 0.238 Thread 0x000000000c300800 Threw 0x00000000e0b0b2c0 at C:\jdk7u2_64p\jdk7u6\hotspot\src\share\vm\classfile\systemDictionary.cpp:179

Events (10 events):
Event: 0.237 loading class 0x000000000c499b70
Event: 0.237 loading class 0x000000000c499b70 done
Event: 0.237 loading class 0x000000000c49b8b0
Event: 0.237 loading class 0x000000000c49b8b0 done
Event: 0.237 loading class 0x000000000c3e1a40
Event: 0.237 loading class 0x000000000c3e1a40 done
Event: 0.238 loading class 0x000000000c4e1e80
Event: 0.238 loading class 0x000000000c4e1e80 done
Event: 0.238 loading class 0x000000000c347eb0
Event: 0.238 loading class 0x000000000c347eb0 done


Dynamic libraries:
0x000000013f6d0000 - 0x000000013f704000 	C:\Program Files\Java\jdk1.7.0_06\bin\javaw.exe
0x0000000077760000 - 0x0000000077909000 	C:\windows\SYSTEM32\ntdll.dll
0x0000000071de0000 - 0x0000000071e2d000 	C:\Program Files\AVAST Software\Avast\snxhk64.dll
0x0000000077640000 - 0x000000007775f000 	C:\windows\system32\KERNEL32.dll
0x000007fefdf20000 - 0x000007fefdf8c000 	C:\windows\system32\KERNELBASE.dll
0x000007feff830000 - 0x000007feff90b000 	C:\windows\system32\ADVAPI32.dll
0x000007fefe110000 - 0x000007fefe1af000 	C:\windows\system32\msvcrt.dll
0x000007fefe280000 - 0x000007fefe29f000 	C:\windows\SYSTEM32\sechost.dll
0x000007fefdfe0000 - 0x000007fefe10d000 	C:\windows\system32\RPCRT4.dll
0x0000000077080000 - 0x000000007717a000 	C:\windows\system32\USER32.dll
0x000007feffa00000 - 0x000007feffa67000 	C:\windows\system32\GDI32.dll
0x000007feff910000 - 0x000007feff91e000 	C:\windows\system32\LPK.dll
0x000007feff760000 - 0x000007feff829000 	C:\windows\system32\USP10.dll
0x000007fefc5e0000 - 0x000007fefc7d4000 	C:\windows\WinSxS\amd64_microsoft.windows.common-controls_6595b64144ccf1df_6.0.7601.17514_none_fa396087175ac9ac\COMCTL32.dll
0x000007fefe200000 - 0x000007fefe271000 	C:\windows\system32\SHLWAPI.dll
0x000007fefe1d0000 - 0x000007fefe1fe000 	C:\windows\system32\IMM32.DLL
0x000007feff650000 - 0x000007feff759000 	C:\windows\system32\MSCTF.dll
0x000007fefdb80000 - 0x000007fefdbbc000 	C:\windows\system32\nvinitx.dll
0x000000006a7f0000 - 0x000000006a8c1000 	C:\Program Files\Java\jdk1.7.0_06\jre\bin\msvcr100.dll
0x0000000062940000 - 0x000000006305f000 	C:\Program Files\Java\jdk1.7.0_06\jre\bin\server\jvm.dll
0x000007fef5640000 - 0x000007fef5649000 	C:\windows\system32\WSOCK32.dll
0x000007fefdf90000 - 0x000007fefdfdd000 	C:\windows\system32\WS2_32.dll
0x000007feff0d0000 - 0x000007feff0d8000 	C:\windows\system32\NSI.dll
0x000007fefb930000 - 0x000007fefb96b000 	C:\windows\system32\WINMM.dll
0x0000000077920000 - 0x0000000077927000 	C:\windows\system32\PSAPI.DLL
0x000000006f910000 - 0x000000006f91f000 	C:\Program Files\Java\jdk1.7.0_06\jre\bin\verify.dll
0x000000006e300000 - 0x000000006e328000 	C:\Program Files\Java\jdk1.7.0_06\jre\bin\java.dll
0x000000006f8f0000 - 0x000000006f905000 	C:\Program Files\Java\jdk1.7.0_06\jre\bin\zip.dll
0x000000006f960000 - 0x000000006f96f000 	C:\Program Files\Java\jdk1.7.0_06\jre\bin\prism-d3d.dll
0x000007fef3980000 - 0x000007fef3b7f000 	C:\windows\system32\d3d9.dll
0x000007fefcc70000 - 0x000007fefcc7c000 	C:\windows\system32\VERSION.dll
0x000007fefb470000 - 0x000007fefb477000 	C:\windows\system32\d3d8thk.dll
0x000007fefbee0000 - 0x000007fefbef8000 	C:\windows\system32\dwmapi.dll
0x000007fefc400000 - 0x000007fefc456000 	C:\windows\system32\uxtheme.dll
0x000000006acf0000 - 0x000000006ad22000 	C:\Program Files\Java\jdk1.7.0_06\jre\bin\glass.dll
0x000007feff530000 - 0x000007feff5c7000 	C:\windows\system32\COMDLG32.dll
0x000007fefe2a0000 - 0x000007feff028000 	C:\windows\system32\SHELL32.dll
0x000007feff0e0000 - 0x000007feff2e3000 	C:\windows\system32\ole32.dll
0x000007feff920000 - 0x000007feff9f7000 	C:\windows\system32\OLEAUT32.dll
0x000007fefdab0000 - 0x000007fefdabf000 	C:\windows\system32\CRYPTBASE.dll
0x000007fef94d0000 - 0x000007fef95f5000 	C:\windows\system32\dbghelp.dll

VM Arguments:
jvm_args: -Dfile.encoding=Cp1252 
java_command: br.com.tecway.gerenciadorloja.fx.launcher.GerenciadorLojaLauncher
Launcher Type: SUN_STANDARD

Environment Variables:
JAVA_HOME=C:\Program Files\Java\jre7
PATH=C:\Program Files\Common Files\Microsoft Shared\Windows Live;C:\Program Files (x86)\Common Files\Microsoft Shared\Windows Live;C:\windows\system32;C:\windows;C:\windows\System32\Wbem;C:\windows\System32\WindowsPowerShell\v1.0\;C:\Program Files\Broadcom\Broadcom 802.11 Network Adapter\Driver;C:\Program Files (x86)\Windows Live\Shared;C:\Program Files\WIDCOMM\Bluetooth Software\;C:\Program Files\WIDCOMM\Bluetooth Software\syswow64;PROGRAMFILES\Internet Explorer;D:\apache-maven-3.0.4\bin
USERNAME=Ricardo
OS=Windows_NT
PROCESSOR_IDENTIFIER=Intel64 Family 6 Model 42 Stepping 7, GenuineIntel



---------------  S Y S T E M  ---------------

OS: Windows 7 , 64 bit Build 7601 Service Pack 1

CPU:total 4 (2 cores per cpu, 2 threads per core) family 6 model 42 stepping 7, cmov, cx8, fxsr, mmx, sse, sse2, sse3, ssse3, sse4.1, sse4.2, popcnt, avx, ht, tsc, tscinvbit

Memory: 4k page, physical 6200440k(3207684k free), swap 12399028k(8757828k free)

vm_info: Java HotSpot(TM) 64-Bit Server VM (23.2-b09) for windows-amd64 JRE (1.7.0_06-b24), built on Aug  9 2012 20:44:07 by "java_re" with unknown MS VC++:1600

time: Sun Mar 24 20:32:22 2013
elapsed time: 0 seconds

